

Started GET "/" for 127.0.0.1 at 2012-01-06 17:55:53 -0800

ActionController::RoutingError (No route matches [GET] "/"):
  

Rendered /Users/Elliot/.rvm/gems/ruby-1.9.2-p180/gems/actionpack-3.1.3/lib/action_dispatch/middleware/templates/rescues/routing_error.erb within rescues/layout (8.4ms)


Started GET "/issues" for 127.0.0.1 at 2012-01-06 17:57:27 -0800

ActionController::RoutingError (No route matches [GET] "/issues"):
  

Rendered /Users/Elliot/.rvm/gems/ruby-1.9.2-p180/gems/actionpack-3.1.3/lib/action_dispatch/middleware/templates/rescues/routing_error.erb within rescues/layout (0.4ms)


Started GET "/issues" for 127.0.0.1 at 2012-01-06 18:00:56 -0800

ActionController::RoutingError (No route matches [GET] "/issues"):
  

Rendered /Users/Elliot/.rvm/gems/ruby-1.9.2-p180/gems/actionpack-3.1.3/lib/action_dispatch/middleware/templates/rescues/routing_error.erb within rescues/layout (0.5ms)


Started GET "/" for 127.0.0.1 at 2012-01-06 18:00:59 -0800
  Processing by PagesController#home as HTML
Rendered pages/home.html.haml within layouts/application (0.8ms)
Completed 500 Internal Server Error in 329ms

ActionView::Template::Error (File to import not found or unreadable: compass.
Load path: /Users/Elliot/Sites/github_issues/test/dummy
  (in /Users/Elliot/Sites/github_issues/test/dummy/app/assets/stylesheets/application.scss)):
    4:     %meta{:charset => "utf-8"}/
    5:     = csrf_meta_tag
    6:     %title 
    7:     = stylesheet_link_tag 'application'
    8:     = javascript_include_tag "application"
    9:   %body
    10:     = yield
  app/assets/stylesheets/application.scss:7
  app/views/layouts/application.html.haml:7:in `_app_views_layouts_application_html_haml___3097473358738114122_2198442600'

Rendered /Users/Elliot/.rvm/gems/ruby-1.9.2-p180/gems/actionpack-3.1.3/lib/action_dispatch/middleware/templates/rescues/_trace.erb (1.0ms)
Rendered /Users/Elliot/.rvm/gems/ruby-1.9.2-p180/gems/actionpack-3.1.3/lib/action_dispatch/middleware/templates/rescues/_request_and_response.erb (0.8ms)
Rendered /Users/Elliot/.rvm/gems/ruby-1.9.2-p180/gems/actionpack-3.1.3/lib/action_dispatch/middleware/templates/rescues/template_error.erb within rescues/layout (4.1ms)


Started GET "/" for 127.0.0.1 at 2012-01-06 18:01:24 -0800
  Processing by PagesController#home as HTML
Rendered pages/home.html.haml within layouts/application (1.0ms)
Completed 500 Internal Server Error in 375ms

ActionView::Template::Error (File to import not found or unreadable: compass.
Load path: /Users/Elliot/Sites/github_issues/test/dummy
  (in /Users/Elliot/Sites/github_issues/test/dummy/app/assets/stylesheets/application.scss)):
    4:     %meta{:charset => "utf-8"}/
    5:     = csrf_meta_tag
    6:     %title 
    7:     = stylesheet_link_tag 'application'
    8:     = javascript_include_tag "application"
    9:   %body
    10:     = yield
  app/assets/stylesheets/application.scss:7
  app/views/layouts/application.html.haml:7:in `_app_views_layouts_application_html_haml___647134903398140591_2153849580'

Rendered /Users/Elliot/.rvm/gems/ruby-1.9.2-p180/gems/actionpack-3.1.3/lib/action_dispatch/middleware/templates/rescues/_trace.erb (1.0ms)
Rendered /Users/Elliot/.rvm/gems/ruby-1.9.2-p180/gems/actionpack-3.1.3/lib/action_dispatch/middleware/templates/rescues/_request_and_response.erb (0.7ms)
Rendered /Users/Elliot/.rvm/gems/ruby-1.9.2-p180/gems/actionpack-3.1.3/lib/action_dispatch/middleware/templates/rescues/template_error.erb within rescues/layout (3.5ms)


Started GET "/" for 127.0.0.1 at 2012-01-06 18:08:27 -0800
  Processing by PagesController#home as HTML
Rendered pages/home.html.haml within layouts/application (1.0ms)
Completed 500 Internal Server Error in 402ms

ActionView::Template::Error (File to import not found or unreadable: compass.
Load path: /Users/Elliot/Sites/github_issues/test/dummy
  (in /Users/Elliot/Sites/github_issues/test/dummy/app/assets/stylesheets/application.scss)):
    4:     %meta{:charset => "utf-8"}/
    5:     = csrf_meta_tag
    6:     %title 
    7:     = stylesheet_link_tag 'application'
    8:     = javascript_include_tag "application"
    9:   %body
    10:     = yield
  app/assets/stylesheets/application.scss:7
  app/views/layouts/application.html.haml:7:in `_app_views_layouts_application_html_haml___41337115079129393_2155374920'

Rendered /Users/Elliot/.rvm/gems/ruby-1.9.2-p180@rails3.1/gems/actionpack-3.1.3/lib/action_dispatch/middleware/templates/rescues/_trace.erb (1.0ms)
Rendered /Users/Elliot/.rvm/gems/ruby-1.9.2-p180@rails3.1/gems/actionpack-3.1.3/lib/action_dispatch/middleware/templates/rescues/_request_and_response.erb (0.8ms)
Rendered /Users/Elliot/.rvm/gems/ruby-1.9.2-p180@rails3.1/gems/actionpack-3.1.3/lib/action_dispatch/middleware/templates/rescues/template_error.erb within rescues/layout (3.6ms)


Started GET "/" for 127.0.0.1 at 2012-01-06 20:25:00 -0800
  Processing by PagesController#home as HTML
Rendered pages/home.html.haml within layouts/application (0.9ms)
Completed 500 Internal Server Error in 387ms

ActionView::Template::Error (File to import not found or unreadable: compass.
Load path: /Users/Elliot/Sites/github_issues/test/dummy
  (in /Users/Elliot/Sites/github_issues/test/dummy/app/assets/stylesheets/application.scss)):
    4:     %meta{:charset => "utf-8"}/
    5:     = csrf_meta_tag
    6:     %title 
    7:     = stylesheet_link_tag 'application'
    8:     = javascript_include_tag "application"
    9:   %body
    10:     = yield
  app/assets/stylesheets/application.scss:7
  app/views/layouts/application.html.haml:7:in `_app_views_layouts_application_html_haml__4112491400455433833_2154979980'

Rendered /Users/Elliot/.rvm/gems/ruby-1.9.2-p180@rails3.1/gems/actionpack-3.1.3/lib/action_dispatch/middleware/templates/rescues/_trace.erb (1.0ms)
Rendered /Users/Elliot/.rvm/gems/ruby-1.9.2-p180@rails3.1/gems/actionpack-3.1.3/lib/action_dispatch/middleware/templates/rescues/_request_and_response.erb (0.8ms)
Rendered /Users/Elliot/.rvm/gems/ruby-1.9.2-p180@rails3.1/gems/actionpack-3.1.3/lib/action_dispatch/middleware/templates/rescues/template_error.erb within rescues/layout (4.8ms)


Started GET "/" for 127.0.0.1 at 2012-01-06 20:25:26 -0800
  Processing by PagesController#home as HTML
Rendered pages/home.html.haml within layouts/application (0.1ms)
Completed 500 Internal Server Error in 260ms

ActionView::Template::Error (Undefined mixin 'box-shadow'.
  (in /Users/Elliot/Sites/github_issues/test/dummy/app/assets/stylesheets/application.scss)):
    4:     %meta{:charset => "utf-8"}/
    5:     = csrf_meta_tag
    6:     %title 
    7:     = stylesheet_link_tag 'application'
    8:     = javascript_include_tag "application"
    9:   %body
    10:     = yield
  app/assets/stylesheets/_jqueryui.scss:443:in `box-shadow'
  app/assets/stylesheets/_jqueryui.scss:443
  app/assets/stylesheets/application.scss:8
  app/views/layouts/application.html.haml:7:in `_app_views_layouts_application_html_haml__4112491400455433833_2154979980'

Rendered /Users/Elliot/.rvm/gems/ruby-1.9.2-p180@rails3.1/gems/actionpack-3.1.3/lib/action_dispatch/middleware/templates/rescues/_trace.erb (1.1ms)
Rendered /Users/Elliot/.rvm/gems/ruby-1.9.2-p180@rails3.1/gems/actionpack-3.1.3/lib/action_dispatch/middleware/templates/rescues/_request_and_response.erb (0.6ms)
Rendered /Users/Elliot/.rvm/gems/ruby-1.9.2-p180@rails3.1/gems/actionpack-3.1.3/lib/action_dispatch/middleware/templates/rescues/template_error.erb within rescues/layout (3.1ms)


Started GET "/" for 127.0.0.1 at 2012-01-06 20:25:37 -0800
  Processing by PagesController#home as HTML
Rendered pages/home.html.haml within layouts/application (0.1ms)
Compiled application.css  (1ms)  (pid 53389)
Compiled application.js  (146ms)  (pid 53389)
Compiled jquery-1.6.4.min.js  (1ms)  (pid 53389)
Compiled jquery-ui-1.8.10.custom.min.js  (3ms)  (pid 53389)
Compiled base.js  (126ms)  (pid 53389)
Completed 200 OK in 364ms (Views: 364.1ms | ActiveRecord: 0.0ms)


Started GET "/assets/application.css?body=1" for 127.0.0.1 at 2012-01-06 20:25:37 -0800
Served asset /application.css - 200 OK (0ms)


Started GET "/assets/jquery-1.6.4.min.js?body=1" for 127.0.0.1 at 2012-01-06 20:25:37 -0800
Served asset /jquery-1.6.4.min.js - 200 OK (3ms)


Started GET "/assets/jquery-ui-1.8.10.custom.min.js?body=1" for 127.0.0.1 at 2012-01-06 20:25:37 -0800
Served asset /jquery-ui-1.8.10.custom.min.js - 200 OK (2ms)


Started GET "/assets/base.js?body=1" for 127.0.0.1 at 2012-01-06 20:25:37 -0800
Served asset /base.js - 200 OK (1ms)


Started GET "/assets/application.js?body=1" for 127.0.0.1 at 2012-01-06 20:25:37 -0800
Served asset /application.js - 200 OK (0ms)


Started GET "/" for 127.0.0.1 at 2012-01-06 20:26:35 -0800
  Processing by PagesController#home as HTML
Rendered pages/home.html.haml within layouts/application (0.1ms)
Completed 500 Internal Server Error in 10ms

ActionView::Template::Error (File to import not found or unreadable: compass.
Load path: /Users/Elliot/Sites/github_issues/test/dummy
  (in /Users/Elliot/Sites/github_issues/test/dummy/app/assets/stylesheets/application.scss)):
    4:     %meta{:charset => "utf-8"}/
    5:     = csrf_meta_tag
    6:     %title 
    7:     = stylesheet_link_tag 'application'
    8:     = javascript_include_tag "application"
    9:   %body
    10:     = yield
  app/assets/stylesheets/application.scss:7
  app/views/layouts/application.html.haml:7:in `_app_views_layouts_application_html_haml__4112491400455433833_2154979980'

Rendered /Users/Elliot/.rvm/gems/ruby-1.9.2-p180@rails3.1/gems/actionpack-3.1.3/lib/action_dispatch/middleware/templates/rescues/_trace.erb (1.0ms)
Rendered /Users/Elliot/.rvm/gems/ruby-1.9.2-p180@rails3.1/gems/actionpack-3.1.3/lib/action_dispatch/middleware/templates/rescues/_request_and_response.erb (0.7ms)
Rendered /Users/Elliot/.rvm/gems/ruby-1.9.2-p180@rails3.1/gems/actionpack-3.1.3/lib/action_dispatch/middleware/templates/rescues/template_error.erb within rescues/layout (3.4ms)


Started GET "/" for 127.0.0.1 at 2012-01-06 20:30:30 -0800
  Processing by PagesController#home as HTML
Rendered pages/home.html.haml within layouts/application (0.1ms)
Completed 500 Internal Server Error in 8ms

ActionView::Template::Error (File to import not found or unreadable: compass.
Load path: /Users/Elliot/Sites/github_issues/test/dummy
  (in /Users/Elliot/Sites/github_issues/test/dummy/app/assets/stylesheets/application.scss)):
    4:     %meta{:charset => "utf-8"}/
    5:     = csrf_meta_tag
    6:     %title 
    7:     = stylesheet_link_tag 'application'
    8:     = javascript_include_tag "application"
    9:   %body
    10:     = yield
  app/assets/stylesheets/application.scss:7
  app/views/layouts/application.html.haml:7:in `_app_views_layouts_application_html_haml__4112491400455433833_2154979980'

Rendered /Users/Elliot/.rvm/gems/ruby-1.9.2-p180@rails3.1/gems/actionpack-3.1.3/lib/action_dispatch/middleware/templates/rescues/_trace.erb (0.9ms)
Rendered /Users/Elliot/.rvm/gems/ruby-1.9.2-p180@rails3.1/gems/actionpack-3.1.3/lib/action_dispatch/middleware/templates/rescues/_request_and_response.erb (0.7ms)
Rendered /Users/Elliot/.rvm/gems/ruby-1.9.2-p180@rails3.1/gems/actionpack-3.1.3/lib/action_dispatch/middleware/templates/rescues/template_error.erb within rescues/layout (3.2ms)


Started GET "/" for 127.0.0.1 at 2012-01-06 20:30:31 -0800
  Processing by PagesController#home as HTML
Rendered pages/home.html.haml within layouts/application (0.1ms)
Completed 500 Internal Server Error in 32ms

ActionView::Template::Error (File to import not found or unreadable: compass.
Load path: /Users/Elliot/Sites/github_issues/test/dummy
  (in /Users/Elliot/Sites/github_issues/test/dummy/app/assets/stylesheets/application.scss)):
    4:     %meta{:charset => "utf-8"}/
    5:     = csrf_meta_tag
    6:     %title 
    7:     = stylesheet_link_tag 'application'
    8:     = javascript_include_tag "application"
    9:   %body
    10:     = yield
  app/assets/stylesheets/application.scss:7
  app/views/layouts/application.html.haml:7:in `_app_views_layouts_application_html_haml__4112491400455433833_2154979980'

Rendered /Users/Elliot/.rvm/gems/ruby-1.9.2-p180@rails3.1/gems/actionpack-3.1.3/lib/action_dispatch/middleware/templates/rescues/_trace.erb (0.9ms)
Rendered /Users/Elliot/.rvm/gems/ruby-1.9.2-p180@rails3.1/gems/actionpack-3.1.3/lib/action_dispatch/middleware/templates/rescues/_request_and_response.erb (0.6ms)
Rendered /Users/Elliot/.rvm/gems/ruby-1.9.2-p180@rails3.1/gems/actionpack-3.1.3/lib/action_dispatch/middleware/templates/rescues/template_error.erb within rescues/layout (2.9ms)


Started GET "/" for 127.0.0.1 at 2012-01-06 20:30:40 -0800
  Processing by PagesController#home as HTML
Rendered pages/home.html.haml within layouts/application (0.9ms)
Completed 500 Internal Server Error in 379ms

ActionView::Template::Error (File to import not found or unreadable: compass.
Load path: /Users/Elliot/Sites/github_issues/test/dummy
  (in /Users/Elliot/Sites/github_issues/test/dummy/app/assets/stylesheets/application.scss)):
    4:     %meta{:charset => "utf-8"}/
    5:     = csrf_meta_tag
    6:     %title 
    7:     = stylesheet_link_tag 'application'
    8:     = javascript_include_tag "application"
    9:   %body
    10:     = yield
  app/assets/stylesheets/application.scss:7
  app/views/layouts/application.html.haml:7:in `_app_views_layouts_application_html_haml__1840814557091202312_2173816880'

Rendered /Users/Elliot/.rvm/gems/ruby-1.9.2-p180@rails3.1/gems/actionpack-3.1.3/lib/action_dispatch/middleware/templates/rescues/_trace.erb (1.0ms)
Rendered /Users/Elliot/.rvm/gems/ruby-1.9.2-p180@rails3.1/gems/actionpack-3.1.3/lib/action_dispatch/middleware/templates/rescues/_request_and_response.erb (0.7ms)
Rendered /Users/Elliot/.rvm/gems/ruby-1.9.2-p180@rails3.1/gems/actionpack-3.1.3/lib/action_dispatch/middleware/templates/rescues/template_error.erb within rescues/layout (3.3ms)


Started GET "/" for 127.0.0.1 at 2012-01-06 20:33:14 -0800
  Processing by PagesController#home as HTML
Rendered pages/home.html.haml within layouts/application (0.9ms)
Completed 500 Internal Server Error in 379ms

ActionView::Template::Error (File to import not found or unreadable: compass.
Load path: /Users/Elliot/Sites/github_issues/test/dummy
  (in /Users/Elliot/Sites/github_issues/test/dummy/app/assets/stylesheets/application.scss)):
    4:     %meta{:charset => "utf-8"}/
    5:     = csrf_meta_tag
    6:     %title 
    7:     = stylesheet_link_tag 'application'
    8:     = javascript_include_tag "application"
    9:   %body
    10:     = yield
  app/assets/stylesheets/application.scss:7
  app/views/layouts/application.html.haml:7:in `_app_views_layouts_application_html_haml__1178174244400960533_2177284260'

Rendered /Users/Elliot/.rvm/gems/ruby-1.9.2-p180@rails3.1/gems/actionpack-3.1.3/lib/action_dispatch/middleware/templates/rescues/_trace.erb (0.9ms)
Rendered /Users/Elliot/.rvm/gems/ruby-1.9.2-p180@rails3.1/gems/actionpack-3.1.3/lib/action_dispatch/middleware/templates/rescues/_request_and_response.erb (0.7ms)
Rendered /Users/Elliot/.rvm/gems/ruby-1.9.2-p180@rails3.1/gems/actionpack-3.1.3/lib/action_dispatch/middleware/templates/rescues/template_error.erb within rescues/layout (3.3ms)


Started GET "/" for 127.0.0.1 at 2012-01-06 21:36:48 -0800
  Processing by PagesController#home as HTML
Rendered pages/home.html.haml within layouts/application (0.9ms)
Completed 500 Internal Server Error in 382ms

ActionView::Template::Error (File to import not found or unreadable: compass.
Load path: /Users/Elliot/Sites/github_issues/test/dummy
  (in /Users/Elliot/Sites/github_issues/test/dummy/app/assets/stylesheets/application.scss)):
    4:     %meta{:charset => "utf-8"}/
    5:     = csrf_meta_tag
    6:     %title 
    7:     = stylesheet_link_tag 'application'
    8:     = javascript_include_tag "application"
    9:   %body
    10:     = yield
  app/assets/stylesheets/application.scss:7
  app/views/layouts/application.html.haml:7:in `_app_views_layouts_application_html_haml___4271592412625127845_2155480980'

Rendered /Users/Elliot/.rvm/gems/ruby-1.9.2-p180@rails3.1/gems/actionpack-3.1.3/lib/action_dispatch/middleware/templates/rescues/_trace.erb (0.9ms)
Rendered /Users/Elliot/.rvm/gems/ruby-1.9.2-p180@rails3.1/gems/actionpack-3.1.3/lib/action_dispatch/middleware/templates/rescues/_request_and_response.erb (0.7ms)
Rendered /Users/Elliot/.rvm/gems/ruby-1.9.2-p180@rails3.1/gems/actionpack-3.1.3/lib/action_dispatch/middleware/templates/rescues/template_error.erb within rescues/layout (3.2ms)


Started GET "/" for 127.0.0.1 at 2012-01-06 21:47:49 -0800
  Processing by PagesController#home as HTML
Rendered pages/home.html.haml within layouts/application (0.8ms)
Completed 500 Internal Server Error in 368ms

ActionView::Template::Error (File to import not found or unreadable: compass.
Load path: /Users/Elliot/Sites/github_issues/test/dummy
  (in /Users/Elliot/Sites/github_issues/test/dummy/app/assets/stylesheets/application.scss)):
    4:     %meta{:charset => "utf-8"}/
    5:     = csrf_meta_tag
    6:     %title 
    7:     = stylesheet_link_tag 'application'
    8:     = javascript_include_tag "application"
    9:   %body
    10:     = yield
  app/assets/stylesheets/application.scss:7
  app/views/layouts/application.html.haml:7:in `_app_views_layouts_application_html_haml__350436939712975004_2186430480'

Rendered /Users/Elliot/.rvm/gems/ruby-1.9.2-p180@rails3.1/gems/actionpack-3.1.3/lib/action_dispatch/middleware/templates/rescues/_trace.erb (0.9ms)
Rendered /Users/Elliot/.rvm/gems/ruby-1.9.2-p180@rails3.1/gems/actionpack-3.1.3/lib/action_dispatch/middleware/templates/rescues/_request_and_response.erb (0.7ms)
Rendered /Users/Elliot/.rvm/gems/ruby-1.9.2-p180@rails3.1/gems/actionpack-3.1.3/lib/action_dispatch/middleware/templates/rescues/template_error.erb within rescues/layout (3.1ms)


Started GET "/" for 127.0.0.1 at 2012-01-06 21:49:48 -0800
  Processing by PagesController#home as HTML
Rendered pages/home.html.haml within layouts/application (0.9ms)
Completed 500 Internal Server Error in 372ms

ActionView::Template::Error (File to import not found or unreadable: compass.
Load path: /Users/Elliot/Sites/github_issues/test/dummy
  (in /Users/Elliot/Sites/github_issues/test/dummy/app/assets/stylesheets/application.scss)):
    4:     %meta{:charset => "utf-8"}/
    5:     = csrf_meta_tag
    6:     %title 
    7:     = stylesheet_link_tag 'application'
    8:     = javascript_include_tag "application"
    9:   %body
    10:     = yield
  app/assets/stylesheets/application.scss:7
  app/views/layouts/application.html.haml:7:in `_app_views_layouts_application_html_haml__805749884631436179_2181050960'

Rendered /Users/Elliot/.rvm/gems/ruby-1.9.2-p180@rails3.1/gems/actionpack-3.1.3/lib/action_dispatch/middleware/templates/rescues/_trace.erb (0.9ms)
Rendered /Users/Elliot/.rvm/gems/ruby-1.9.2-p180@rails3.1/gems/actionpack-3.1.3/lib/action_dispatch/middleware/templates/rescues/_request_and_response.erb (0.6ms)
Rendered /Users/Elliot/.rvm/gems/ruby-1.9.2-p180@rails3.1/gems/actionpack-3.1.3/lib/action_dispatch/middleware/templates/rescues/template_error.erb within rescues/layout (3.0ms)


Started GET "/" for 127.0.0.1 at 2012-01-06 21:50:03 -0800
  Processing by PagesController#home as HTML
Rendered pages/home.html.haml within layouts/application (0.8ms)
Completed 500 Internal Server Error in 372ms

ActionView::Template::Error (File to import not found or unreadable: compass.
Load path: /Users/Elliot/Sites/github_issues/test/dummy
  (in /Users/Elliot/Sites/github_issues/test/dummy/app/assets/stylesheets/application.scss)):
    4:     %meta{:charset => "utf-8"}/
    5:     = csrf_meta_tag
    6:     %title 
    7:     = stylesheet_link_tag 'application'
    8:     = javascript_include_tag "application"
    9:   %body
    10:     = yield
  app/assets/stylesheets/application.scss:7
  app/views/layouts/application.html.haml:7:in `_app_views_layouts_application_html_haml___3097441274010418009_2179283260'

Rendered /Users/Elliot/.rvm/gems/ruby-1.9.2-p180@rails3.1/gems/actionpack-3.1.3/lib/action_dispatch/middleware/templates/rescues/_trace.erb (1.0ms)
Rendered /Users/Elliot/.rvm/gems/ruby-1.9.2-p180@rails3.1/gems/actionpack-3.1.3/lib/action_dispatch/middleware/templates/rescues/_request_and_response.erb (0.7ms)
Rendered /Users/Elliot/.rvm/gems/ruby-1.9.2-p180@rails3.1/gems/actionpack-3.1.3/lib/action_dispatch/middleware/templates/rescues/template_error.erb within rescues/layout (3.3ms)


Started GET "/" for 127.0.0.1 at 2012-01-06 21:51:53 -0800
  Processing by PagesController#home as HTML
Rendered pages/home.html.haml within layouts/application (0.8ms)
Completed 500 Internal Server Error in 368ms

ActionView::Template::Error (File to import not found or unreadable: compass.
Load path: /Users/Elliot/Sites/github_issues/test/dummy
  (in /Users/Elliot/Sites/github_issues/test/dummy/app/assets/stylesheets/application.scss)):
    4:     %meta{:charset => "utf-8"}/
    5:     = csrf_meta_tag
    6:     %title 
    7:     = stylesheet_link_tag 'application'
    8:     = javascript_include_tag "application"
    9:   %body
    10:     = yield
  app/assets/stylesheets/application.scss:7
  app/views/layouts/application.html.haml:7:in `_app_views_layouts_application_html_haml__1126946912733435777_2177101540'

Rendered /Users/Elliot/.rvm/gems/ruby-1.9.2-p180@rails3.1/gems/actionpack-3.1.3/lib/action_dispatch/middleware/templates/rescues/_trace.erb (0.9ms)
Rendered /Users/Elliot/.rvm/gems/ruby-1.9.2-p180@rails3.1/gems/actionpack-3.1.3/lib/action_dispatch/middleware/templates/rescues/_request_and_response.erb (0.7ms)
Rendered /Users/Elliot/.rvm/gems/ruby-1.9.2-p180@rails3.1/gems/actionpack-3.1.3/lib/action_dispatch/middleware/templates/rescues/template_error.erb within rescues/layout (3.1ms)


Started GET "/" for 127.0.0.1 at 2012-01-06 22:08:31 -0800

ActiveRecord::ConnectionNotEstablished (ActiveRecord::ConnectionNotEstablished):
  

Rendered /Users/Elliot/.rvm/gems/ruby-1.9.2-p180@rails3.1/gems/actionpack-3.1.3/lib/action_dispatch/middleware/templates/rescues/_trace.erb (0.8ms)
Rendered /Users/Elliot/.rvm/gems/ruby-1.9.2-p180@rails3.1/gems/actionpack-3.1.3/lib/action_dispatch/middleware/templates/rescues/_request_and_response.erb (4.5ms)
Rendered /Users/Elliot/.rvm/gems/ruby-1.9.2-p180@rails3.1/gems/actionpack-3.1.3/lib/action_dispatch/middleware/templates/rescues/diagnostics.erb within rescues/layout (7.0ms)


Started GET "/" for 127.0.0.1 at 2012-01-06 22:09:45 -0800
  Processing by PagesController#home as HTML
Rendered pages/home.html.haml within layouts/application (0.8ms)
Completed 500 Internal Server Error in 371ms

ActionView::Template::Error (File to import not found or unreadable: compass.
Load path: /Users/Elliot/Sites/github_issues/test/dummy
  (in /Users/Elliot/Sites/github_issues/test/dummy/app/assets/stylesheets/application.scss)):
    4:     %meta{:charset => "utf-8"}/
    5:     = csrf_meta_tag
    6:     %title 
    7:     = stylesheet_link_tag 'application'
    8:     = javascript_include_tag "application"
    9:   %body
    10:     = yield
  app/assets/stylesheets/application.scss:7
  app/views/layouts/application.html.haml:7:in `_app_views_layouts_application_html_haml___1508803752418176408_2182235580'

Rendered /Users/Elliot/.rvm/gems/ruby-1.9.2-p180@rails3.1/gems/actionpack-3.1.3/lib/action_dispatch/middleware/templates/rescues/_trace.erb (0.9ms)
Rendered /Users/Elliot/.rvm/gems/ruby-1.9.2-p180@rails3.1/gems/actionpack-3.1.3/lib/action_dispatch/middleware/templates/rescues/_request_and_response.erb (0.6ms)
Rendered /Users/Elliot/.rvm/gems/ruby-1.9.2-p180@rails3.1/gems/actionpack-3.1.3/lib/action_dispatch/middleware/templates/rescues/template_error.erb within rescues/layout (3.1ms)


Started GET "/" for 127.0.0.1 at 2012-01-06 22:10:06 -0800
  Processing by PagesController#home as HTML
Rendered pages/home.html.haml within layouts/application (0.8ms)
Completed 500 Internal Server Error in 367ms

ActionView::Template::Error (File to import not found or unreadable: compass.
Load path: /Users/Elliot/Sites/github_issues/test/dummy
  (in /Users/Elliot/Sites/github_issues/test/dummy/app/assets/stylesheets/application.scss)):
    4:     %meta{:charset => "utf-8"}/
    5:     = csrf_meta_tag
    6:     %title 
    7:     = stylesheet_link_tag 'application'
    8:     = javascript_include_tag "application"
    9:   %body
    10:     = yield
  app/assets/stylesheets/application.scss:7
  app/views/layouts/application.html.haml:7:in `_app_views_layouts_application_html_haml___3845034733618883466_2158294900'

Rendered /Users/Elliot/.rvm/gems/ruby-1.9.2-p180@rails3.1/gems/actionpack-3.1.3/lib/action_dispatch/middleware/templates/rescues/_trace.erb (1.0ms)
Rendered /Users/Elliot/.rvm/gems/ruby-1.9.2-p180@rails3.1/gems/actionpack-3.1.3/lib/action_dispatch/middleware/templates/rescues/_request_and_response.erb (0.8ms)
Rendered /Users/Elliot/.rvm/gems/ruby-1.9.2-p180@rails3.1/gems/actionpack-3.1.3/lib/action_dispatch/middleware/templates/rescues/template_error.erb within rescues/layout (3.5ms)


Started GET "/" for 127.0.0.1 at 2012-01-06 22:12:06 -0800

ActiveRecord::ConnectionNotEstablished (ActiveRecord::ConnectionNotEstablished):
  

Rendered /Users/Elliot/.rvm/gems/ruby-1.9.2-p180@rails3.1/gems/actionpack-3.1.3/lib/action_dispatch/middleware/templates/rescues/_trace.erb (0.8ms)
Rendered /Users/Elliot/.rvm/gems/ruby-1.9.2-p180@rails3.1/gems/actionpack-3.1.3/lib/action_dispatch/middleware/templates/rescues/_request_and_response.erb (4.5ms)
Rendered /Users/Elliot/.rvm/gems/ruby-1.9.2-p180@rails3.1/gems/actionpack-3.1.3/lib/action_dispatch/middleware/templates/rescues/diagnostics.erb within rescues/layout (6.9ms)


Started GET "/" for 127.0.0.1 at 2012-01-06 22:12:17 -0800

ActiveRecord::ConnectionNotEstablished (ActiveRecord::ConnectionNotEstablished):
  

Rendered /Users/Elliot/.rvm/gems/ruby-1.9.2-p180@rails3.1/gems/actionpack-3.1.3/lib/action_dispatch/middleware/templates/rescues/_trace.erb (0.9ms)
Rendered /Users/Elliot/.rvm/gems/ruby-1.9.2-p180@rails3.1/gems/actionpack-3.1.3/lib/action_dispatch/middleware/templates/rescues/_request_and_response.erb (0.7ms)
Rendered /Users/Elliot/.rvm/gems/ruby-1.9.2-p180@rails3.1/gems/actionpack-3.1.3/lib/action_dispatch/middleware/templates/rescues/diagnostics.erb within rescues/layout (3.1ms)


Started GET "/" for 127.0.0.1 at 2012-01-06 22:12:59 -0800
  Processing by PagesController#home as HTML
Rendered pages/home.html.haml within layouts/application (21.2ms)
Completed 500 Internal Server Error in 372ms

ActionView::Template::Error (File to import not found or unreadable: compass.
Load path: /Users/Elliot/Sites/github_issues/test/dummy
  (in /Users/Elliot/Sites/github_issues/test/dummy/app/assets/stylesheets/application.scss)):
    4:     %meta{:charset => "utf-8"}/
    5:     = csrf_meta_tag
    6:     %title 
    7:     = stylesheet_link_tag 'application'
    8:     = javascript_include_tag "application"
    9:   %body
    10:     = yield
  app/assets/stylesheets/application.scss:7
  app/views/layouts/application.html.haml:7:in `_app_views_layouts_application_html_haml___4086002161826742958_2152838040'

Rendered /Users/Elliot/.rvm/gems/ruby-1.9.2-p180@rails3.1/gems/actionpack-3.1.3/lib/action_dispatch/middleware/templates/rescues/_trace.erb (1.1ms)
Rendered /Users/Elliot/.rvm/gems/ruby-1.9.2-p180@rails3.1/gems/actionpack-3.1.3/lib/action_dispatch/middleware/templates/rescues/_request_and_response.erb (0.8ms)
Rendered /Users/Elliot/.rvm/gems/ruby-1.9.2-p180@rails3.1/gems/actionpack-3.1.3/lib/action_dispatch/middleware/templates/rescues/template_error.erb within rescues/layout (3.4ms)


Started GET "/" for 127.0.0.1 at 2012-01-06 22:17:02 -0800
  Processing by PagesController#home as HTML
Rendered pages/home.html.haml within layouts/application (0.8ms)
Completed 500 Internal Server Error in 338ms

ActionView::Template::Error (File to import not found or unreadable: compass.
Load path: /Users/Elliot/Sites/github_issues/test/dummy
  (in /Users/Elliot/Sites/github_issues/test/dummy/app/assets/stylesheets/application.scss)):
    4:     %meta{:charset => "utf-8"}/
    5:     = csrf_meta_tag
    6:     %title 
    7:     = stylesheet_link_tag 'application'
    8:     = javascript_include_tag "application"
    9:   %body
    10:     = yield
  app/assets/stylesheets/application.scss:7
  app/views/layouts/application.html.haml:7:in `_app_views_layouts_application_html_haml__1636168804559324936_2172162740'

Rendered /Users/Elliot/.rvm/gems/ruby-1.9.2-p180@rails3.1/gems/actionpack-3.1.3/lib/action_dispatch/middleware/templates/rescues/_trace.erb (0.9ms)
Rendered /Users/Elliot/.rvm/gems/ruby-1.9.2-p180@rails3.1/gems/actionpack-3.1.3/lib/action_dispatch/middleware/templates/rescues/_request_and_response.erb (0.7ms)
Rendered /Users/Elliot/.rvm/gems/ruby-1.9.2-p180@rails3.1/gems/actionpack-3.1.3/lib/action_dispatch/middleware/templates/rescues/template_error.erb within rescues/layout (3.2ms)


Started GET "/" for 127.0.0.1 at 2012-01-06 22:17:33 -0800
  Processing by PagesController#home as HTML
Rendered pages/home.html.haml within layouts/application (0.1ms)
Compiled application.css  (2ms)  (pid 54062)
Completed 200 OK in 26ms (Views: 25.3ms | ActiveRecord: 0.0ms)


Started GET "/assets/application.css?body=1" for 127.0.0.1 at 2012-01-06 22:17:33 -0800
Served asset /application.css - 304 Not Modified (0ms)


Started GET "/assets/jquery-1.6.4.min.js?body=1" for 127.0.0.1 at 2012-01-06 22:17:33 -0800
Served asset /jquery-1.6.4.min.js - 304 Not Modified (5ms)


Started GET "/assets/jquery-ui-1.8.10.custom.min.js?body=1" for 127.0.0.1 at 2012-01-06 22:17:33 -0800
Served asset /jquery-ui-1.8.10.custom.min.js - 304 Not Modified (1ms)


Started GET "/assets/base.js?body=1" for 127.0.0.1 at 2012-01-06 22:17:33 -0800
Served asset /base.js - 304 Not Modified (1ms)


Started GET "/assets/application.js?body=1" for 127.0.0.1 at 2012-01-06 22:17:33 -0800
Served asset /application.js - 304 Not Modified (0ms)


Started GET "/" for 127.0.0.1 at 2012-01-06 22:18:17 -0800
  Processing by PagesController#home as HTML
Rendered pages/home.html.haml within layouts/application (0.1ms)
Compiled application.css  (2ms)  (pid 54062)
Completed 200 OK in 21ms (Views: 20.6ms | ActiveRecord: 0.0ms)


Started GET "/assets/application.css?body=1" for 127.0.0.1 at 2012-01-06 22:18:17 -0800
Served asset /application.css - 200 OK (0ms)


Started GET "/assets/jquery-1.6.4.min.js?body=1" for 127.0.0.1 at 2012-01-06 22:18:17 -0800
Served asset /jquery-1.6.4.min.js - 304 Not Modified (0ms)


Started GET "/assets/jquery-ui-1.8.10.custom.min.js?body=1" for 127.0.0.1 at 2012-01-06 22:18:17 -0800
Served asset /jquery-ui-1.8.10.custom.min.js - 304 Not Modified (0ms)


Started GET "/assets/base.js?body=1" for 127.0.0.1 at 2012-01-06 22:18:17 -0800
Served asset /base.js - 304 Not Modified (0ms)


Started GET "/assets/application.js?body=1" for 127.0.0.1 at 2012-01-06 22:18:17 -0800
Served asset /application.js - 304 Not Modified (0ms)


Started GET "/assets/application.css?body=1" for 127.0.0.1 at 2012-01-06 22:18:24 -0800
Served asset /application.css - 304 Not Modified (0ms)


Started GET "/" for 127.0.0.1 at 2012-01-06 22:18:40 -0800
  Processing by PagesController#home as HTML
Rendered pages/home.html.haml within layouts/application (0.1ms)
Compiled application.css  (2ms)  (pid 54062)
Completed 200 OK in 22ms (Views: 21.5ms | ActiveRecord: 0.0ms)


Started GET "/assets/application.css?body=1" for 127.0.0.1 at 2012-01-06 22:18:42 -0800
Served asset /application.css - 200 OK (0ms)


Started GET "/" for 127.0.0.1 at 2012-01-06 22:19:26 -0800
  Processing by PagesController#home as HTML
Rendered pages/home.html.haml within layouts/application (0.1ms)
Compiled application.css  (285ms)  (pid 54062)
Completed 200 OK in 306ms (Views: 305.6ms | ActiveRecord: 0.0ms)


Started GET "/assets/application.css?body=1" for 127.0.0.1 at 2012-01-06 22:19:27 -0800
Served asset /application.css - 200 OK (0ms)


Started GET "/assets/jquery-1.6.4.min.js?body=1" for 127.0.0.1 at 2012-01-06 22:19:27 -0800
Served asset /jquery-1.6.4.min.js - 304 Not Modified (0ms)


Started GET "/assets/jquery-ui-1.8.10.custom.min.js?body=1" for 127.0.0.1 at 2012-01-06 22:19:27 -0800
Served asset /jquery-ui-1.8.10.custom.min.js - 304 Not Modified (0ms)


Started GET "/assets/base.js?body=1" for 127.0.0.1 at 2012-01-06 22:19:27 -0800
Served asset /base.js - 304 Not Modified (0ms)


Started GET "/assets/application.js?body=1" for 127.0.0.1 at 2012-01-06 22:19:27 -0800
Served asset /application.js - 304 Not Modified (0ms)


Started GET "/" for 127.0.0.1 at 2012-01-06 22:27:32 -0800
  Processing by PagesController#home as HTML
Rendered pages/home.html.haml within layouts/application (0.6ms)
Compiled application.css  (86ms)  (pid 54062)
Completed 200 OK in 109ms (Views: 109.0ms | ActiveRecord: 0.0ms)


Started GET "/assets/application.css?body=1" for 127.0.0.1 at 2012-01-06 22:27:32 -0800
Served asset /application.css - 200 OK (0ms)


Started GET "/assets/jquery-1.6.4.min.js?body=1" for 127.0.0.1 at 2012-01-06 22:27:32 -0800
Served asset /jquery-1.6.4.min.js - 304 Not Modified (0ms)


Started GET "/assets/jquery-ui-1.8.10.custom.min.js?body=1" for 127.0.0.1 at 2012-01-06 22:27:32 -0800
Served asset /jquery-ui-1.8.10.custom.min.js - 304 Not Modified (0ms)


Started GET "/assets/base.js?body=1" for 127.0.0.1 at 2012-01-06 22:27:32 -0800
Served asset /base.js - 304 Not Modified (0ms)


Started GET "/assets/application.js?body=1" for 127.0.0.1 at 2012-01-06 22:27:32 -0800
Served asset /application.js - 304 Not Modified (0ms)


Started GET "/" for 127.0.0.1 at 2012-01-06 22:28:31 -0800
  Processing by PagesController#home as HTML
Rendered pages/home.html.haml within layouts/application (2.5ms)
Completed 200 OK in 19ms (Views: 19.1ms | ActiveRecord: 0.0ms)


Started GET "/assets/application.css?body=1" for 127.0.0.1 at 2012-01-06 22:28:31 -0800
Served asset /application.css - 304 Not Modified (5ms)


Started GET "/assets/jquery-1.6.4.min.js?body=1" for 127.0.0.1 at 2012-01-06 22:28:31 -0800
Served asset /jquery-1.6.4.min.js - 304 Not Modified (0ms)


Started GET "/assets/base.js?body=1" for 127.0.0.1 at 2012-01-06 22:28:31 -0800
Served asset /base.js - 304 Not Modified (0ms)


Started GET "/assets/application.js?body=1" for 127.0.0.1 at 2012-01-06 22:28:31 -0800
Served asset /application.js - 304 Not Modified (0ms)


Started GET "/assets/jquery-ui-1.8.10.custom.min.js?body=1" for 127.0.0.1 at 2012-01-06 22:28:31 -0800
Served asset /jquery-ui-1.8.10.custom.min.js - 304 Not Modified (0ms)


Started GET "/" for 127.0.0.1 at 2012-01-06 22:28:57 -0800
  Processing by PagesController#home as HTML
Rendered pages/home.html.haml within layouts/application (0.1ms)
Completed 500 Internal Server Error in 7ms

ActionView::Template::Error (Invalid CSS after "}": expected selector or at-rule, was "%h1 {"
  (in /Users/Elliot/Sites/github_issues/test/dummy/app/assets/stylesheets/application.scss)):
    4:     %meta{:charset => "utf-8"}/
    5:     = csrf_meta_tag
    6:     %title 
    7:     = stylesheet_link_tag 'application'
    8:     = javascript_include_tag "application"
    9:   %body
    10:     #parent
  app/assets/stylesheets/application.scss:17
  app/views/layouts/application.html.haml:7:in `_app_views_layouts_application_html_haml__1636168804559324936_2182640140'

Rendered /Users/Elliot/.rvm/gems/ruby-1.9.2-p180@rails3.1/gems/actionpack-3.1.3/lib/action_dispatch/middleware/templates/rescues/_trace.erb (0.9ms)
Rendered /Users/Elliot/.rvm/gems/ruby-1.9.2-p180@rails3.1/gems/actionpack-3.1.3/lib/action_dispatch/middleware/templates/rescues/_request_and_response.erb (0.9ms)
Rendered /Users/Elliot/.rvm/gems/ruby-1.9.2-p180@rails3.1/gems/actionpack-3.1.3/lib/action_dispatch/middleware/templates/rescues/template_error.erb within rescues/layout (3.8ms)


Started GET "/" for 127.0.0.1 at 2012-01-06 22:29:04 -0800
  Processing by PagesController#home as HTML
Rendered pages/home.html.haml within layouts/application (0.1ms)
Compiled application.css  (89ms)  (pid 54062)
Completed 200 OK in 110ms (Views: 109.4ms | ActiveRecord: 0.0ms)


Started GET "/assets/application.css?body=1" for 127.0.0.1 at 2012-01-06 22:29:05 -0800
Served asset /application.css - 200 OK (0ms)


Started GET "/assets/jquery-1.6.4.min.js?body=1" for 127.0.0.1 at 2012-01-06 22:29:05 -0800
Served asset /jquery-1.6.4.min.js - 304 Not Modified (0ms)


Started GET "/assets/jquery-ui-1.8.10.custom.min.js?body=1" for 127.0.0.1 at 2012-01-06 22:29:05 -0800
Served asset /jquery-ui-1.8.10.custom.min.js - 304 Not Modified (0ms)


Started GET "/assets/base.js?body=1" for 127.0.0.1 at 2012-01-06 22:29:05 -0800
Served asset /base.js - 304 Not Modified (0ms)


Started GET "/assets/application.js?body=1" for 127.0.0.1 at 2012-01-06 22:29:05 -0800
Served asset /application.js - 304 Not Modified (0ms)


Started GET "/" for 127.0.0.1 at 2012-01-06 22:29:15 -0800
  Processing by PagesController#home as HTML
Rendered pages/home.html.haml within layouts/application (0.1ms)
Compiled application.css  (86ms)  (pid 54062)
Completed 200 OK in 108ms (Views: 107.3ms | ActiveRecord: 0.0ms)


Started GET "/assets/application.css?body=1" for 127.0.0.1 at 2012-01-06 22:29:15 -0800
Served asset /application.css - 200 OK (0ms)


Started GET "/assets/jquery-1.6.4.min.js?body=1" for 127.0.0.1 at 2012-01-06 22:29:15 -0800
Served asset /jquery-1.6.4.min.js - 304 Not Modified (0ms)


Started GET "/assets/jquery-ui-1.8.10.custom.min.js?body=1" for 127.0.0.1 at 2012-01-06 22:29:15 -0800
Served asset /jquery-ui-1.8.10.custom.min.js - 304 Not Modified (0ms)


Started GET "/assets/base.js?body=1" for 127.0.0.1 at 2012-01-06 22:29:15 -0800
Served asset /base.js - 304 Not Modified (0ms)


Started GET "/assets/application.js?body=1" for 127.0.0.1 at 2012-01-06 22:29:15 -0800
Served asset /application.js - 304 Not Modified (0ms)


Started GET "/" for 127.0.0.1 at 2012-01-06 22:29:51 -0800
  Processing by PagesController#home as HTML
Rendered pages/home.html.haml within layouts/application (0.1ms)
Compiled application.css  (87ms)  (pid 54062)
Completed 200 OK in 109ms (Views: 108.3ms | ActiveRecord: 0.0ms)


Started GET "/assets/application.css?body=1" for 127.0.0.1 at 2012-01-06 22:29:51 -0800
Served asset /application.css - 200 OK (0ms)


Started GET "/assets/jquery-1.6.4.min.js?body=1" for 127.0.0.1 at 2012-01-06 22:29:51 -0800
Served asset /jquery-1.6.4.min.js - 304 Not Modified (0ms)


Started GET "/assets/jquery-ui-1.8.10.custom.min.js?body=1" for 127.0.0.1 at 2012-01-06 22:29:51 -0800
Served asset /jquery-ui-1.8.10.custom.min.js - 304 Not Modified (0ms)


Started GET "/assets/base.js?body=1" for 127.0.0.1 at 2012-01-06 22:29:51 -0800
Served asset /base.js - 304 Not Modified (0ms)


Started GET "/assets/application.js?body=1" for 127.0.0.1 at 2012-01-06 22:29:51 -0800
Served asset /application.js - 304 Not Modified (0ms)


Started GET "/" for 127.0.0.1 at 2012-01-06 22:30:04 -0800
  Processing by PagesController#home as HTML
Rendered pages/home.html.haml within layouts/application (0.1ms)
Compiled application.css  (89ms)  (pid 54062)
Completed 200 OK in 110ms (Views: 109.4ms | ActiveRecord: 0.0ms)


Started GET "/assets/application.css?body=1" for 127.0.0.1 at 2012-01-06 22:30:04 -0800
Served asset /application.css - 200 OK (0ms)


Started GET "/assets/jquery-1.6.4.min.js?body=1" for 127.0.0.1 at 2012-01-06 22:30:04 -0800
Served asset /jquery-1.6.4.min.js - 304 Not Modified (0ms)


Started GET "/assets/jquery-ui-1.8.10.custom.min.js?body=1" for 127.0.0.1 at 2012-01-06 22:30:04 -0800
Served asset /jquery-ui-1.8.10.custom.min.js - 304 Not Modified (0ms)


Started GET "/assets/base.js?body=1" for 127.0.0.1 at 2012-01-06 22:30:04 -0800
Served asset /base.js - 304 Not Modified (0ms)


Started GET "/assets/application.js?body=1" for 127.0.0.1 at 2012-01-06 22:30:04 -0800
Served asset /application.js - 304 Not Modified (0ms)


Started GET "/" for 127.0.0.1 at 2012-01-06 22:30:11 -0800
  Processing by PagesController#home as HTML
Rendered pages/home.html.haml within layouts/application (0.1ms)
Compiled application.css  (88ms)  (pid 54062)
Completed 200 OK in 109ms (Views: 108.7ms | ActiveRecord: 0.0ms)


Started GET "/assets/application.css?body=1" for 127.0.0.1 at 2012-01-06 22:30:12 -0800
Served asset /application.css - 200 OK (0ms)


Started GET "/assets/jquery-ui-1.8.10.custom.min.js?body=1" for 127.0.0.1 at 2012-01-06 22:30:12 -0800
Served asset /jquery-ui-1.8.10.custom.min.js - 304 Not Modified (0ms)


Started GET "/assets/base.js?body=1" for 127.0.0.1 at 2012-01-06 22:30:12 -0800
Served asset /base.js - 304 Not Modified (0ms)


Started GET "/assets/application.js?body=1" for 127.0.0.1 at 2012-01-06 22:30:12 -0800
Served asset /application.js - 304 Not Modified (24ms)


Started GET "/assets/jquery-1.6.4.min.js?body=1" for 127.0.0.1 at 2012-01-06 22:30:12 -0800
Served asset /jquery-1.6.4.min.js - 304 Not Modified (0ms)


Started GET "/" for 127.0.0.1 at 2012-01-06 22:30:20 -0800
  Processing by PagesController#home as HTML
Rendered pages/home.html.haml within layouts/application (0.1ms)
Compiled application.css  (85ms)  (pid 54062)
Completed 200 OK in 106ms (Views: 105.9ms | ActiveRecord: 0.0ms)


Started GET "/assets/application.css?body=1" for 127.0.0.1 at 2012-01-06 22:30:20 -0800
Served asset /application.css - 200 OK (0ms)


Started GET "/assets/jquery-1.6.4.min.js?body=1" for 127.0.0.1 at 2012-01-06 22:30:20 -0800
Served asset /jquery-1.6.4.min.js - 304 Not Modified (0ms)


Started GET "/assets/jquery-ui-1.8.10.custom.min.js?body=1" for 127.0.0.1 at 2012-01-06 22:30:20 -0800
Served asset /jquery-ui-1.8.10.custom.min.js - 304 Not Modified (0ms)


Started GET "/assets/base.js?body=1" for 127.0.0.1 at 2012-01-06 22:30:20 -0800
Served asset /base.js - 304 Not Modified (0ms)


Started GET "/assets/application.js?body=1" for 127.0.0.1 at 2012-01-06 22:30:20 -0800
Served asset /application.js - 304 Not Modified (0ms)


Started GET "/" for 127.0.0.1 at 2012-01-06 22:30:36 -0800
  Processing by PagesController#home as HTML
Rendered pages/home.html.haml within layouts/application (0.1ms)
Compiled application.css  (88ms)  (pid 54062)
Completed 200 OK in 108ms (Views: 107.8ms | ActiveRecord: 0.0ms)


Started GET "/assets/application.css?body=1" for 127.0.0.1 at 2012-01-06 22:30:36 -0800
Served asset /application.css - 200 OK (0ms)


Started GET "/assets/jquery-ui-1.8.10.custom.min.js?body=1" for 127.0.0.1 at 2012-01-06 22:30:36 -0800
Served asset /jquery-ui-1.8.10.custom.min.js - 304 Not Modified (0ms)


Started GET "/assets/base.js?body=1" for 127.0.0.1 at 2012-01-06 22:30:36 -0800
Served asset /base.js - 304 Not Modified (0ms)


Started GET "/assets/application.js?body=1" for 127.0.0.1 at 2012-01-06 22:30:36 -0800
Served asset /application.js - 304 Not Modified (0ms)


Started GET "/assets/jquery-1.6.4.min.js?body=1" for 127.0.0.1 at 2012-01-06 22:30:36 -0800
Served asset /jquery-1.6.4.min.js - 304 Not Modified (0ms)


Started GET "/" for 127.0.0.1 at 2012-01-06 22:30:41 -0800
  Processing by PagesController#home as HTML
Rendered pages/home.html.haml within layouts/application (0.1ms)
Compiled application.css  (88ms)  (pid 54062)
Completed 200 OK in 108ms (Views: 107.7ms | ActiveRecord: 0.0ms)


Started GET "/assets/application.css?body=1" for 127.0.0.1 at 2012-01-06 22:30:41 -0800
Served asset /application.css - 200 OK (0ms)


Started GET "/assets/jquery-1.6.4.min.js?body=1" for 127.0.0.1 at 2012-01-06 22:30:42 -0800
Served asset /jquery-1.6.4.min.js - 304 Not Modified (0ms)


Started GET "/assets/jquery-ui-1.8.10.custom.min.js?body=1" for 127.0.0.1 at 2012-01-06 22:30:42 -0800
Served asset /jquery-ui-1.8.10.custom.min.js - 304 Not Modified (0ms)


Started GET "/assets/application.js?body=1" for 127.0.0.1 at 2012-01-06 22:30:42 -0800
Served asset /application.js - 304 Not Modified (0ms)


Started GET "/assets/base.js?body=1" for 127.0.0.1 at 2012-01-06 22:30:42 -0800
Served asset /base.js - 304 Not Modified (0ms)


Started GET "/" for 127.0.0.1 at 2012-01-06 22:40:18 -0800
  Processing by PagesController#home as HTML
Rendered pages/home.html.haml within layouts/application (0.1ms)
Completed 200 OK in 16ms (Views: 15.8ms | ActiveRecord: 0.0ms)


Started GET "/assets/application.css?body=1" for 127.0.0.1 at 2012-01-06 22:40:18 -0800
Served asset /application.css - 304 Not Modified (0ms)


Started GET "/assets/jquery-1.6.4.min.js?body=1" for 127.0.0.1 at 2012-01-06 22:40:18 -0800
Served asset /jquery-1.6.4.min.js - 304 Not Modified (0ms)


Started GET "/assets/base.js?body=1" for 127.0.0.1 at 2012-01-06 22:40:18 -0800
Served asset /base.js - 304 Not Modified (0ms)


Started GET "/assets/jquery-ui-1.8.10.custom.min.js?body=1" for 127.0.0.1 at 2012-01-06 22:40:18 -0800
Served asset /jquery-ui-1.8.10.custom.min.js - 304 Not Modified (0ms)


Started GET "/assets/application.js?body=1" for 127.0.0.1 at 2012-01-06 22:40:18 -0800
Served asset /application.js - 304 Not Modified (0ms)


Started GET "/" for 127.0.0.1 at 2012-01-06 22:41:22 -0800
  Processing by PagesController#home as HTML
Rendered pages/home.html.haml within layouts/application (0.1ms)
Completed 200 OK in 16ms (Views: 15.7ms | ActiveRecord: 0.0ms)


Started GET "/assets/application.css?body=1" for 127.0.0.1 at 2012-01-06 22:41:22 -0800
Served asset /application.css - 304 Not Modified (0ms)


Started GET "/assets/jquery-1.6.4.min.js?body=1" for 127.0.0.1 at 2012-01-06 22:41:22 -0800
Served asset /jquery-1.6.4.min.js - 304 Not Modified (0ms)


Started GET "/assets/jquery-ui-1.8.10.custom.min.js?body=1" for 127.0.0.1 at 2012-01-06 22:41:22 -0800
Served asset /jquery-ui-1.8.10.custom.min.js - 304 Not Modified (0ms)


Started GET "/assets/base.js?body=1" for 127.0.0.1 at 2012-01-06 22:41:22 -0800
Served asset /base.js - 304 Not Modified (0ms)


Started GET "/assets/application.js?body=1" for 127.0.0.1 at 2012-01-06 22:41:22 -0800
Served asset /application.js - 304 Not Modified (0ms)


Started GET "/" for 127.0.0.1 at 2012-01-06 22:41:39 -0800
  Processing by PagesController#home as HTML
Rendered pages/home.html.haml within layouts/application (0.1ms)
Compiled base.js  (135ms)  (pid 54062)
Compiled application.js  (91ms)  (pid 54062)
Completed 200 OK in 301ms (Views: 300.4ms | ActiveRecord: 0.0ms)


Started GET "/assets/application.css?body=1" for 127.0.0.1 at 2012-01-06 22:41:39 -0800
Served asset /application.css - 304 Not Modified (0ms)


Started GET "/assets/jquery-1.6.4.min.js?body=1" for 127.0.0.1 at 2012-01-06 22:41:39 -0800
Served asset /jquery-1.6.4.min.js - 304 Not Modified (0ms)


Started GET "/assets/base.js?body=1" for 127.0.0.1 at 2012-01-06 22:41:39 -0800
Served asset /base.js - 200 OK (1ms)


Started GET "/assets/application.js?body=1" for 127.0.0.1 at 2012-01-06 22:41:39 -0800
Served asset /application.js - 200 OK (0ms)


Started GET "/assets/jquery-ui-1.8.10.custom.min.js?body=1" for 127.0.0.1 at 2012-01-06 22:41:39 -0800
Served asset /jquery-ui-1.8.10.custom.min.js - 304 Not Modified (0ms)


Started GET "/" for 127.0.0.1 at 2012-01-06 22:41:44 -0800
  Processing by PagesController#home as HTML
Rendered pages/home.html.haml within layouts/application (0.1ms)
Completed 200 OK in 17ms (Views: 16.7ms | ActiveRecord: 0.0ms)


Started GET "/assets/application.css?body=1" for 127.0.0.1 at 2012-01-06 22:41:44 -0800
Served asset /application.css - 304 Not Modified (0ms)


Started GET "/assets/jquery-1.6.4.min.js?body=1" for 127.0.0.1 at 2012-01-06 22:41:44 -0800
Served asset /jquery-1.6.4.min.js - 304 Not Modified (0ms)


Started GET "/assets/jquery-ui-1.8.10.custom.min.js?body=1" for 127.0.0.1 at 2012-01-06 22:41:44 -0800
Served asset /jquery-ui-1.8.10.custom.min.js - 304 Not Modified (0ms)


Started GET "/assets/base.js?body=1" for 127.0.0.1 at 2012-01-06 22:41:44 -0800
Served asset /base.js - 304 Not Modified (0ms)


Started GET "/assets/application.js?body=1" for 127.0.0.1 at 2012-01-06 22:41:44 -0800
Served asset /application.js - 304 Not Modified (0ms)


Started GET "/" for 127.0.0.1 at 2012-01-06 22:41:45 -0800
  Processing by PagesController#home as HTML
Rendered pages/home.html.haml within layouts/application (0.1ms)
Completed 200 OK in 16ms (Views: 15.8ms | ActiveRecord: 0.0ms)


Started GET "/assets/application.css?body=1" for 127.0.0.1 at 2012-01-06 22:41:45 -0800
Served asset /application.css - 304 Not Modified (0ms)


Started GET "/assets/jquery-1.6.4.min.js?body=1" for 127.0.0.1 at 2012-01-06 22:41:45 -0800
Served asset /jquery-1.6.4.min.js - 304 Not Modified (0ms)


Started GET "/assets/jquery-ui-1.8.10.custom.min.js?body=1" for 127.0.0.1 at 2012-01-06 22:41:45 -0800
Served asset /jquery-ui-1.8.10.custom.min.js - 304 Not Modified (0ms)


Started GET "/assets/application.js?body=1" for 127.0.0.1 at 2012-01-06 22:41:45 -0800
Served asset /application.js - 304 Not Modified (0ms)


Started GET "/assets/base.js?body=1" for 127.0.0.1 at 2012-01-06 22:41:45 -0800
Served asset /base.js - 304 Not Modified (0ms)


Started GET "/" for 127.0.0.1 at 2012-01-06 22:42:28 -0800
  Processing by PagesController#home as HTML
Rendered pages/home.html.haml within layouts/application (0.1ms)
Completed 200 OK in 16ms (Views: 15.7ms | ActiveRecord: 0.0ms)


Started GET "/assets/application.css?body=1" for 127.0.0.1 at 2012-01-06 22:42:28 -0800
Served asset /application.css - 304 Not Modified (0ms)


Started GET "/assets/jquery-1.6.4.min.js?body=1" for 127.0.0.1 at 2012-01-06 22:42:28 -0800
Served asset /jquery-1.6.4.min.js - 304 Not Modified (0ms)


Started GET "/assets/jquery-ui-1.8.10.custom.min.js?body=1" for 127.0.0.1 at 2012-01-06 22:42:28 -0800
Served asset /jquery-ui-1.8.10.custom.min.js - 304 Not Modified (0ms)


Started GET "/assets/base.js?body=1" for 127.0.0.1 at 2012-01-06 22:42:28 -0800
Served asset /base.js - 304 Not Modified (0ms)


Started GET "/assets/application.js?body=1" for 127.0.0.1 at 2012-01-06 22:42:28 -0800
Served asset /application.js - 304 Not Modified (0ms)


Started GET "/" for 127.0.0.1 at 2012-01-06 22:42:29 -0800
  Processing by PagesController#home as HTML
Rendered pages/home.html.haml within layouts/application (0.1ms)
Completed 200 OK in 16ms (Views: 15.8ms | ActiveRecord: 0.0ms)


Started GET "/assets/application.css?body=1" for 127.0.0.1 at 2012-01-06 22:42:29 -0800
Served asset /application.css - 304 Not Modified (0ms)


Started GET "/assets/base.js?body=1" for 127.0.0.1 at 2012-01-06 22:42:29 -0800
Served asset /base.js - 304 Not Modified (0ms)


Started GET "/assets/application.js?body=1" for 127.0.0.1 at 2012-01-06 22:42:29 -0800
Served asset /application.js - 304 Not Modified (0ms)


Started GET "/assets/jquery-1.6.4.min.js?body=1" for 127.0.0.1 at 2012-01-06 22:42:29 -0800
Served asset /jquery-1.6.4.min.js - 304 Not Modified (0ms)


Started GET "/assets/jquery-ui-1.8.10.custom.min.js?body=1" for 127.0.0.1 at 2012-01-06 22:42:29 -0800
Served asset /jquery-ui-1.8.10.custom.min.js - 304 Not Modified (0ms)


Started GET "/" for 127.0.0.1 at 2012-01-06 22:42:41 -0800
  Processing by PagesController#home as HTML
Rendered pages/home.html.haml within layouts/application (2.4ms)
Completed 200 OK in 46ms (Views: 46.2ms | ActiveRecord: 0.0ms)


Started GET "/assets/application.css?body=1" for 127.0.0.1 at 2012-01-06 22:42:42 -0800
Served asset /application.css - 304 Not Modified (0ms)


Started GET "/assets/jquery-1.6.4.min.js?body=1" for 127.0.0.1 at 2012-01-06 22:42:42 -0800
Served asset /jquery-1.6.4.min.js - 304 Not Modified (5ms)


Started GET "/assets/jquery-ui-1.8.10.custom.min.js?body=1" for 127.0.0.1 at 2012-01-06 22:42:42 -0800
Served asset /jquery-ui-1.8.10.custom.min.js - 304 Not Modified (1ms)


Started GET "/assets/base.js?body=1" for 127.0.0.1 at 2012-01-06 22:42:42 -0800
Served asset /base.js - 304 Not Modified (1ms)


Started GET "/assets/application.js?body=1" for 127.0.0.1 at 2012-01-06 22:42:42 -0800
Served asset /application.js - 304 Not Modified (0ms)


Started GET "/" for 127.0.0.1 at 2012-01-06 22:43:46 -0800
  Processing by PagesController#home as HTML
Rendered pages/home.html.haml within layouts/application (0.1ms)
Completed 200 OK in 16ms (Views: 15.3ms | ActiveRecord: 0.0ms)


Started GET "/assets/application.css?body=1" for 127.0.0.1 at 2012-01-06 22:43:46 -0800
Served asset /application.css - 304 Not Modified (0ms)


Started GET "/assets/jquery-1.6.4.min.js?body=1" for 127.0.0.1 at 2012-01-06 22:43:46 -0800
Served asset /jquery-1.6.4.min.js - 304 Not Modified (0ms)


Started GET "/assets/jquery-ui-1.8.10.custom.min.js?body=1" for 127.0.0.1 at 2012-01-06 22:43:46 -0800
Served asset /jquery-ui-1.8.10.custom.min.js - 304 Not Modified (0ms)


Started GET "/assets/base.js?body=1" for 127.0.0.1 at 2012-01-06 22:43:46 -0800
Served asset /base.js - 304 Not Modified (0ms)


Started GET "/assets/application.js?body=1" for 127.0.0.1 at 2012-01-06 22:43:46 -0800
Served asset /application.js - 304 Not Modified (0ms)


Started GET "/" for 127.0.0.1 at 2012-01-06 22:43:47 -0800
  Processing by PagesController#home as HTML
Rendered pages/home.html.haml within layouts/application (0.1ms)
Completed 200 OK in 16ms (Views: 15.6ms | ActiveRecord: 0.0ms)


Started GET "/assets/application.css?body=1" for 127.0.0.1 at 2012-01-06 22:43:47 -0800
Served asset /application.css - 304 Not Modified (0ms)


Started GET "/assets/base.js?body=1" for 127.0.0.1 at 2012-01-06 22:43:47 -0800
Served asset /base.js - 304 Not Modified (0ms)


Started GET "/assets/application.js?body=1" for 127.0.0.1 at 2012-01-06 22:43:47 -0800
Served asset /application.js - 304 Not Modified (0ms)


Started GET "/assets/jquery-1.6.4.min.js?body=1" for 127.0.0.1 at 2012-01-06 22:43:47 -0800
Served asset /jquery-1.6.4.min.js - 304 Not Modified (0ms)


Started GET "/assets/jquery-ui-1.8.10.custom.min.js?body=1" for 127.0.0.1 at 2012-01-06 22:43:47 -0800
Served asset /jquery-ui-1.8.10.custom.min.js - 304 Not Modified (0ms)


Started GET "/" for 127.0.0.1 at 2012-01-06 22:43:49 -0800
  Processing by PagesController#home as HTML
Rendered pages/home.html.haml within layouts/application (0.1ms)
Completed 200 OK in 16ms (Views: 15.8ms | ActiveRecord: 0.0ms)


Started GET "/assets/application.css?body=1" for 127.0.0.1 at 2012-01-06 22:43:49 -0800
Served asset /application.css - 304 Not Modified (0ms)


Started GET "/assets/base.js?body=1" for 127.0.0.1 at 2012-01-06 22:43:49 -0800
Served asset /base.js - 304 Not Modified (0ms)


Started GET "/assets/jquery-1.6.4.min.js?body=1" for 127.0.0.1 at 2012-01-06 22:43:49 -0800
Served asset /jquery-1.6.4.min.js - 304 Not Modified (0ms)


Started GET "/assets/application.js?body=1" for 127.0.0.1 at 2012-01-06 22:43:49 -0800
Served asset /application.js - 304 Not Modified (0ms)


Started GET "/assets/jquery-ui-1.8.10.custom.min.js?body=1" for 127.0.0.1 at 2012-01-06 22:43:49 -0800
Served asset /jquery-ui-1.8.10.custom.min.js - 304 Not Modified (0ms)


Started GET "/" for 127.0.0.1 at 2012-01-06 22:45:07 -0800
  Processing by PagesController#home as HTML
Rendered pages/home.html.haml within layouts/application (0.1ms)
Compiled github_issues/application.css  (355ms)  (pid 54143)
Compiled github_issues/application.js  (160ms)  (pid 54143)
Completed 200 OK in 553ms (Views: 553.0ms | ActiveRecord: 0.0ms)


Started GET "/assets/application.css?body=1" for 127.0.0.1 at 2012-01-06 22:45:08 -0800
Served asset /application.css - 304 Not Modified (0ms)


Started GET "/assets/github_issues/application.css?body=1" for 127.0.0.1 at 2012-01-06 22:45:08 -0800
Served asset /github_issues/application.css - 200 OK (0ms)


Started GET "/assets/github_issues/application.js?body=1" for 127.0.0.1 at 2012-01-06 22:45:08 -0800
Served asset /github_issues/application.js - 200 OK (0ms)


Started GET "/assets/jquery-1.6.4.min.js?body=1" for 127.0.0.1 at 2012-01-06 22:45:08 -0800
Served asset /jquery-1.6.4.min.js - 304 Not Modified (0ms)


Started GET "/assets/application.js?body=1" for 127.0.0.1 at 2012-01-06 22:45:08 -0800
Served asset /application.js - 304 Not Modified (0ms)


Started GET "/assets/jquery-ui-1.8.10.custom.min.js?body=1" for 127.0.0.1 at 2012-01-06 22:45:08 -0800
Served asset /jquery-ui-1.8.10.custom.min.js - 304 Not Modified (0ms)


Started GET "/assets/base.js?body=1" for 127.0.0.1 at 2012-01-06 22:45:08 -0800
Served asset /base.js - 304 Not Modified (0ms)


Started GET "/" for 127.0.0.1 at 2012-01-06 22:46:12 -0800
  Processing by PagesController#home as HTML
Rendered pages/home.html.haml within layouts/application (2.7ms)
Completed 200 OK in 55ms (Views: 54.9ms | ActiveRecord: 0.0ms)


Started GET "/assets/application.css?body=1" for 127.0.0.1 at 2012-01-06 22:46:12 -0800
Served asset /application.css - 304 Not Modified (0ms)


Started GET "/assets/github_issues/application.css?body=1" for 127.0.0.1 at 2012-01-06 22:46:12 -0800
Served asset /github_issues/application.css - 304 Not Modified (0ms)


Started GET "/assets/issues/application.js" for 127.0.0.1 at 2012-01-06 22:46:12 -0800
Served asset /issues/application.js - 404 Not Found (1ms)

ActionController::RoutingError (No route matches [GET] "/assets/issues/application.js"):
  

Rendered /Users/Elliot/.rvm/gems/ruby-1.9.2-p180@rails3.1/gems/actionpack-3.1.3/lib/action_dispatch/middleware/templates/rescues/routing_error.erb within rescues/layout (0.6ms)


Started GET "/assets/application.js?body=1" for 127.0.0.1 at 2012-01-06 22:46:12 -0800
Served asset /application.js - 304 Not Modified (0ms)


Started GET "/assets/jquery-1.6.4.min.js?body=1" for 127.0.0.1 at 2012-01-06 22:46:12 -0800
Served asset /jquery-1.6.4.min.js - 304 Not Modified (1ms)


Started GET "/assets/jquery-ui-1.8.10.custom.min.js?body=1" for 127.0.0.1 at 2012-01-06 22:46:12 -0800
Served asset /jquery-ui-1.8.10.custom.min.js - 304 Not Modified (1ms)


Started GET "/assets/base.js?body=1" for 127.0.0.1 at 2012-01-06 22:46:12 -0800
Served asset /base.js - 304 Not Modified (1ms)


Started GET "/" for 127.0.0.1 at 2012-01-06 22:49:28 -0800
  Processing by PagesController#home as HTML
Rendered pages/home.html.haml within layouts/application (2.7ms)
Completed 200 OK in 55ms (Views: 54.8ms | ActiveRecord: 0.0ms)


Started GET "/assets/application.css?body=1" for 127.0.0.1 at 2012-01-06 22:49:29 -0800
Served asset /application.css - 304 Not Modified (0ms)


Started GET "/assets/jquery-1.6.4.min.js?body=1" for 127.0.0.1 at 2012-01-06 22:49:29 -0800
Served asset /jquery-1.6.4.min.js - 304 Not Modified (4ms)


Started GET "/assets/github_issues/application.css?body=1" for 127.0.0.1 at 2012-01-06 22:49:29 -0800
Served asset /github_issues/application.css - 304 Not Modified (0ms)


Started GET "/assets/jquery-ui-1.8.10.custom.min.js?body=1" for 127.0.0.1 at 2012-01-06 22:49:29 -0800
Served asset /jquery-ui-1.8.10.custom.min.js - 304 Not Modified (2ms)


Started GET "/assets/base.js?body=1" for 127.0.0.1 at 2012-01-06 22:49:29 -0800
Served asset /base.js - 304 Not Modified (1ms)


Started GET "/assets/application.js?body=1" for 127.0.0.1 at 2012-01-06 22:49:29 -0800
Served asset /application.js - 304 Not Modified (0ms)


Started GET "/assets/github_issues/application.js?body=1" for 127.0.0.1 at 2012-01-06 22:49:29 -0800
Served asset /github_issues/application.js - 304 Not Modified (0ms)


Started GET "/" for 127.0.0.1 at 2012-01-06 23:17:03 -0800
  Processing by PagesController#home as HTML
Rendered pages/home.html.haml within layouts/application (21.6ms)
Compiled github_issues/application.js  (136ms)  (pid 54184)
Completed 200 OK in 181ms (Views: 181.1ms | ActiveRecord: 0.0ms)


Started GET "/assets/application.css?body=1" for 127.0.0.1 at 2012-01-06 23:17:03 -0800
Served asset /application.css - 304 Not Modified (0ms)


Started GET "/assets/github_issues/application.css?body=1" for 127.0.0.1 at 2012-01-06 23:17:03 -0800
Served asset /github_issues/application.css - 304 Not Modified (0ms)


Started GET "/assets/jquery-1.6.4.min.js?body=1" for 127.0.0.1 at 2012-01-06 23:17:03 -0800
Served asset /jquery-1.6.4.min.js - 304 Not Modified (0ms)


Started GET "/assets/jquery-ui-1.8.10.custom.min.js?body=1" for 127.0.0.1 at 2012-01-06 23:17:03 -0800
Served asset /jquery-ui-1.8.10.custom.min.js - 304 Not Modified (0ms)


Started GET "/assets/application.js?body=1" for 127.0.0.1 at 2012-01-06 23:17:03 -0800
Served asset /application.js - 304 Not Modified (0ms)


Started GET "/assets/base.js?body=1" for 127.0.0.1 at 2012-01-06 23:17:03 -0800
Served asset /base.js - 304 Not Modified (0ms)


Started GET "/assets/github_issues/application.js?body=1" for 127.0.0.1 at 2012-01-06 23:17:03 -0800
Served asset /github_issues/application.js - 200 OK (0ms)


Started GET "/github_issues/issues/new" for 127.0.0.1 at 2012-01-06 23:24:36 -0800
  Processing by GithubIssues::IssuesController#new as HTML
Completed 500 Internal Server Error in 25ms

ActionView::MissingTemplate (Missing template github_issues/issues/new, github_issues/application/new with {:handlers=>[:erb, :builder, :haml], :formats=>[:html], :locale=>[:en, :en]}. Searched in:
  * "/Users/Elliot/Sites/github_issues/test/dummy/app/views"
  * "/Users/Elliot/Sites/github_issues/app/views"
):
  

Rendered /Users/Elliot/.rvm/gems/ruby-1.9.2-p180@rails3.1/gems/actionpack-3.1.3/lib/action_dispatch/middleware/templates/rescues/missing_template.erb within rescues/layout (0.5ms)


Started GET "/github_issues/issues/new" for 127.0.0.1 at 2012-01-06 23:28:05 -0800
  Processing by GithubIssues::IssuesController#new as HTML
Completed 500 Internal Server Error in 4ms

ActionView::MissingTemplate (Missing template github_issues/issues/new, github_issues/application/new with {:handlers=>[:erb, :builder, :haml], :formats=>[:html], :locale=>[:en, :en]}. Searched in:
  * "/Users/Elliot/Sites/github_issues/test/dummy/app/views"
  * "/Users/Elliot/Sites/github_issues/app/views"
):
  

Rendered /Users/Elliot/.rvm/gems/ruby-1.9.2-p180@rails3.1/gems/actionpack-3.1.3/lib/action_dispatch/middleware/templates/rescues/missing_template.erb within rescues/layout (0.3ms)
